# JRE version: OpenJDK Runtime Environment (8.0_152-b06) (build 1.8.0_152-release-1136-b06)
# Java VM: OpenJDK 64-Bit Server VM (25.152-b06 mixed mode windows-amd64 compressed oops)
Heap:
 PSYoungGen      total 154112K, used 60662K [0x00000000e0000000, 0x00000000ec100000, 0x0000000100000000)
  eden space 135168K, 32% used [0x00000000e0000000,0x00000000e2ac4578,0x00000000e8400000)
  from space 18944K, 89% used [0x00000000eae80000,0x00000000ebef92a8,0x00000000ec100000)
  to   space 31232K, 0% used [0x00000000e8400000,0x00000000e8400000,0x00000000ea280000)
 ParOldGen       total 157184K, used 48593K [0x00000000a0000000, 0x00000000a9980000, 0x00000000e0000000)
  object space 157184K, 30% used [0x00000000a0000000,0x00000000a2f747e8,0x00000000a9980000)
 Metaspace       used 86384K, capacity 90246K, committed 90368K, reserved 1128448K
  class space    used 11218K, capacity 12017K, committed 12032K, reserved 1048576K
GC Heap History (10 events):
Event: 3193.036 GC heap before
{Heap before GC invocations=23 (full 3):
 PSYoungGen      total 153088K, used 133824K [0x00000000e0000000, 0x00000000ec500000, 0x0000000100000000)
  eden space 125952K, 100% used [0x00000000e0000000,0x00000000e7b00000,0x00000000e7b00000)
  from space 27136K, 29% used [0x00000000e7b00000,0x00000000e82b02d0,0x00000000e9580000)
  to   space 26112K, 0% used [0x00000000eab80000,0x00000000eab80000,0x00000000ec500000)
 ParOldGen       total 157184K, used 44996K [0x00000000a0000000, 0x00000000a9980000, 0x00000000e0000000)
  object space 157184K, 28% used [0x00000000a0000000,0x00000000a2bf1220,0x00000000a9980000)
 Metaspace       used 66028K, capacity 68586K, committed 68864K, reserved 1107968K
  class space    used 8741K, capacity 9353K, committed 9472K, reserved 1048576K
Event: 3193.048 GC heap after
Heap after GC invocations=23 (full 3):
 PSYoungGen      total 167424K, used 11754K [0x00000000e0000000, 0x00000000ec000000, 0x0000000100000000)
  eden space 146432K, 0% used [0x00000000e0000000,0x00000000e0000000,0x00000000e8f00000)
  from space 20992K, 55% used [0x00000000eab80000,0x00000000eb6fab40,0x00000000ec000000)
  to   space 25088K, 0% used [0x00000000e8f00000,0x00000000e8f00000,0x00000000ea780000)
 ParOldGen       total 157184K, used 45004K [0x00000000a0000000, 0x00000000a9980000, 0x00000000e0000000)
  object space 157184K, 28% used [0x00000000a0000000,0x00000000a2bf3220,0x00000000a9980000)
 Metaspace       used 66028K, capacity 68586K, committed 68864K, reserved 1107968K
  class space    used 8741K, capacity 9353K, committed 9472K, reserved 1048576K
}
Event: 3196.256 GC heap before
{Heap before GC invocations=24 (full 3):
 PSYoungGen      total 167424K, used 158186K [0x00000000e0000000, 0x00000000ec000000, 0x0000000100000000)
  eden space 146432K, 100% used [0x00000000e0000000,0x00000000e8f00000,0x00000000e8f00000)
  from space 20992K, 55% used [0x00000000eab80000,0x00000000eb6fab40,0x00000000ec000000)
  to   space 25088K, 0% used [0x00000000e8f00000,0x00000000e8f00000,0x00000000ea780000)
 ParOldGen       total 157184K, used 45004K [0x00000000a0000000, 0x00000000a9980000, 0x00000000e0000000)
  object space 157184K, 28% used [0x00000000a0000000,0x00000000a2bf3220,0x00000000a9980000)
 Metaspace       used 79586K, capacity 82788K, committed 82944K, reserved 1120256K
  class space    used 10516K, capacity 11228K, committed 11264K, reserved 1048576K
Event: 3196.281 GC heap after
Heap after GC invocations=24 (full 3):
 PSYoungGen      total 171520K, used 25085K [0x00000000e0000000, 0x00000000edf80000, 0x0000000100000000)
  eden space 146432K, 0% used [0x00000000e0000000,0x00000000e0000000,0x00000000e8f00000)
  from space 25088K, 99% used [0x00000000e8f00000,0x00000000ea77f708,0x00000000ea780000)
  to   space 30208K, 0% used [0x00000000ec200000,0x00000000ec200000,0x00000000edf80000)
 ParOldGen       total 157184K, used 48569K [0x00000000a0000000, 0x00000000a9980000, 0x00000000e0000000)
  object space 157184K, 30% used [0x00000000a0000000,0x00000000a2f6e7e8,0x00000000a9980000)
 Metaspace       used 79586K, capacity 82788K, committed 82944K, reserved 1120256K
  class space    used 10516K, capacity 11228K, committed 11264K, reserved 1048576K
}
Event: 4082.981 GC heap before
{Heap before GC invocations=25 (full 3):
 PSYoungGen      total 171520K, used 171517K [0x00000000e0000000, 0x00000000edf80000, 0x0000000100000000)
  eden space 146432K, 100% used [0x00000000e0000000,0x00000000e8f00000,0x00000000e8f00000)
  from space 25088K, 99% used [0x00000000e8f00000,0x00000000ea77f708,0x00000000ea780000)
  to   space 30208K, 0% used [0x00000000ec200000,0x00000000ec200000,0x00000000edf80000)
 ParOldGen       total 157184K, used 48569K [0x00000000a0000000, 0x00000000a9980000, 0x00000000e0000000)
  object space 157184K, 30% used [0x00000000a0000000,0x00000000a2f6e7e8,0x00000000a9980000)
 Metaspace       used 82586K, capacity 86292K, committed 86528K, reserved 1124352K
  class space    used 10903K, capacity 11676K, committed 11776K, reserved 1048576K
Event: 4083.003 GC heap after
Heap after GC invocations=25 (full 3):
 PSYoungGen      total 165376K, used 22824K [0x00000000e0000000, 0x00000000ed880000, 0x0000000100000000)
  eden space 142336K, 0% used [0x00000000e0000000,0x00000000e0000000,0x00000000e8b00000)
  from space 23040K, 99% used [0x00000000ec200000,0x00000000ed84a380,0x00000000ed880000)
  to   space 31744K, 0% used [0x00000000e9a80000,0x00000000e9a80000,0x00000000eb980000)
 ParOldGen       total 157184K, used 48577K [0x00000000a0000000, 0x00000000a9980000, 0x00000000e0000000)
  object space 157184K, 30% used [0x00000000a0000000,0x00000000a2f707e8,0x00000000a9980000)
 Metaspace       used 82586K, capacity 86292K, committed 86528K, reserved 1124352K
  class space    used 10903K, capacity 11676K, committed 11776K, reserved 1048576K
}
Event: 4231.241 GC heap before
{Heap before GC invocations=26 (full 3):
 PSYoungGen      total 165376K, used 165160K [0x00000000e0000000, 0x00000000ed880000, 0x0000000100000000)
  eden space 142336K, 100% used [0x00000000e0000000,0x00000000e8b00000,0x00000000e8b00000)
  from space 23040K, 99% used [0x00000000ec200000,0x00000000ed84a380,0x00000000ed880000)
  to   space 31744K, 0% used [0x00000000e9a80000,0x00000000e9a80000,0x00000000eb980000)
 ParOldGen       total 157184K, used 48577K [0x00000000a0000000, 0x00000000a9980000, 0x00000000e0000000)
  object space 157184K, 30% used [0x00000000a0000000,0x00000000a2f707e8,0x00000000a9980000)
 Metaspace       used 83518K, capacity 87318K, committed 87552K, reserved 1124352K
  class space    used 10947K, capacity 11755K, committed 11776K, reserved 1048576K
Event: 4231.262 GC heap after
Heap after GC invocations=26 (full 3):
 PSYoungGen      total 159232K, used 19972K [0x00000000e0000000, 0x00000000ec680000, 0x0000000100000000)
  eden space 138752K, 0% used [0x00000000e0000000,0x00000000e0000000,0x00000000e8780000)
  from space 20480K, 97% used [0x00000000e9a80000,0x00000000eae012f8,0x00000000eae80000)
  to   space 24576K, 0% used [0x00000000eae80000,0x00000000eae80000,0x00000000ec680000)
 ParOldGen       total 157184K, used 48585K [0x00000000a0000000, 0x00000000a9980000, 0x00000000e0000000)
  object space 157184K, 30% used [0x00000000a0000000,0x00000000a2f727e8,0x00000000a9980000)
 Metaspace       used 83518K, capacity 87318K, committed 87552K, reserved 1124352K
  class space    used 10947K, capacity 11755K, committed 11776K, reserved 1048576K
}
Event: 10688.124 GC heap before
{Heap before GC invocations=27 (full 3):
 PSYoungGen      total 159232K, used 158724K [0x00000000e0000000, 0x00000000ec680000, 0x0000000100000000)
  eden space 138752K, 100% used [0x00000000e0000000,0x00000000e8780000,0x00000000e8780000)
  from space 20480K, 97% used [0x00000000e9a80000,0x00000000eae012f8,0x00000000eae80000)
  to   space 24576K, 0% used [0x00000000eae80000,0x00000000eae80000,0x00000000ec680000)
 ParOldGen       total 157184K, used 48585K [0x00000000a0000000, 0x00000000a9980000, 0x00000000e0000000)
  object space 157184K, 30% used [0x00000000a0000000,0x00000000a2f727e8,0x00000000a9980000)
 Metaspace       used 83833K, capacity 87674K, committed 87808K, reserved 1126400K
  class space    used 10950K, capacity 11759K, committed 11776K, reserved 1048576K
Event: 10688.173 GC heap after
Heap after GC invocations=27 (full 3):
 PSYoungGen      total 154112K, used 16868K [0x00000000e0000000, 0x00000000ec100000, 0x0000000100000000)
  eden space 135168K, 0% used [0x00000000e0000000,0x00000000e0000000,0x00000000e8400000)
  from space 18944K, 89% used [0x00000000eae80000,0x00000000ebef92a8,0x00000000ec100000)
  to   space 31232K, 0% used [0x00000000e8400000,0x00000000e8400000,0x00000000ea280000)
 ParOldGen       total 157184K, used 48593K [0x00000000a0000000, 0x00000000a9980000, 0x00000000e0000000)
  object space 157184K, 30% used [0x00000000a0000000,0x00000000a2f747e8,0x00000000a9980000)
 Metaspace       used 83833K, capacity 87674K, committed 87808K, reserved 1126400K
  class space    used 10950K, capacity 11759K, committed 11776K, reserved 1048576K
}

